<?xml version="1.0" encoding="UTF-8"?>
<!-- Generated by org.testng.reporters.JUnitReportReporter -->
<testsuite hostname="Somie" name="com.galenframework.java.sample.tests.WelcomePageTest" tests="6" failures="0" timestamp="27 Dec 2017 05:48:19 GMT" time="94.948" errors="0">
  <testcase name="loginPage_shouldLookGood_onDevice" time="22.110" classname="com.galenframework.java.sample.tests.WelcomePageTest"/>
  <testcase name="loginPage_shouldLookGood_onDevice" time="18.369" classname="com.galenframework.java.sample.tests.WelcomePageTest"/>
  <testcase name="welcomePage_shouldLookGood_onDevice" time="10.432" classname="com.galenframework.java.sample.tests.WelcomePageTest"/>
  <testcase name="welcomePage_shouldLookGood_onDevice" time="16.404" classname="com.galenframework.java.sample.tests.WelcomePageTest"/>
  <testcase name="loginPage_shouldLookGood_onDevice" time="17.309" classname="com.galenframework.java.sample.tests.WelcomePageTest"/>
  <testcase name="welcomePage_shouldLookGood_onDevice" time="10.324" classname="com.galenframework.java.sample.tests.WelcomePageTest"/>
</testsuite> <!-- com.galenframework.java.sample.tests.WelcomePageTest -->
