<?xml version="1.0" encoding="UTF-8"?>
<!-- Generated by org.testng.reporters.JUnitReportReporter -->
<testsuite hostname="Somie" name="com.galenframework.java.sample.tests.WelcomePageTest" tests="3" failures="0" timestamp="27 Dec 2017 17:25:56 GMT" time="67.981" errors="0">
  <testcase name="welcomePage_shouldLookGood_onDevice" time="30.813" classname="com.galenframework.java.sample.tests.WelcomePageTest"/>
  <testcase name="welcomePage_shouldLookGood_onDevice" time="10.934" classname="com.galenframework.java.sample.tests.WelcomePageTest"/>
  <testcase name="welcomePage_shouldLookGood_onDevice" time="26.234" classname="com.galenframework.java.sample.tests.WelcomePageTest"/>
</testsuite> <!-- com.galenframework.java.sample.tests.WelcomePageTest -->
